[16:44:03] [main/INFO]: Loading Minecraft 1.19.2 with Fabric Loader 0.14.10
[16:44:03] [ForkJoinPool-1-worker-19/WARN]: Mod sodium-extra uses the version ${version} which isn't compatible with Loader's extended semantic version format (Could not parse version number component '${version}'!), SemVer is recommended for reliably evaluating dependencies and prioritizing newer version
[16:44:04] [main/INFO]: Loading 149 mods:
	- appleskin 2.4.1+mc1.19
	- authme 4.2.0
	- c2me 0.2.0+alpha.9.0
	- c2me-base 0.2.0+alpha.9.0 via c2me
	- c2me-client-uncapvd 0.2.0+alpha.9.0 via c2me
	- c2me-fixes-chunkio-threading-issues 0.2.0+alpha.9.0 via c2me
	- c2me-fixes-general-threading-issues 0.2.0+alpha.9.0 via c2me
	- c2me-fixes-worldgen-threading-issues 0.2.0+alpha.9.0 via c2me
	- c2me-fixes-worldgen-vanilla-bugs 0.2.0+alpha.9.0 via c2me
	- c2me-notickvd 0.2.0+alpha.9.0 via c2me
	- c2me-opts-allocs 0.2.0+alpha.9.0 via c2me
	- c2me-opts-chunk-access 0.2.0+alpha.9.0 via c2me
	- c2me-opts-chunkio 0.2.0+alpha.9.0 via c2me
	- c2me-opts-math 0.2.0+alpha.9.0 via c2me
	- c2me-opts-scheduling 0.2.0+alpha.9.0 via c2me
	- c2me-opts-worldgen-general 0.2.0+alpha.9.0 via c2me
	- c2me-opts-worldgen-vanilla 0.2.0+alpha.9.0 via c2me
	- c2me-rewrites-chunkio 0.2.0+alpha.9.0 via c2me
	- c2me-server-utils 0.2.0+alpha.9.0 via c2me
	- c2me-threading-chunkio 0.2.0+alpha.9.0 via c2me
	- c2me-threading-lighting 0.2.0+alpha.9.0 via c2me
	- c2me-threading-scheduling 0.2.0+alpha.9.0 via c2me
	- c2me-threading-worldgen 0.2.0+alpha.9.0 via c2me
	- caffeineconfig 1.0.0+1.17 via sodium-extra
	- carpet 1.4.84
	- carpet-extra 1.4.84
	- chat_heads 0.7.1
	- cloth-basic-math 0.6.1 via cloth-config
	- cloth-config 8.2.88 via authme
	- com_electronwill_night-config_core 3.6.5 via c2me
	- com_electronwill_night-config_json 3.6.5 via darkkore
	- com_electronwill_night-config_toml 3.6.5 via c2me
	- com_github_darkkronicle_konstruct_addons 2.0.3-build1 via darkkore
	- com_github_darkkronicle_konstruct_core 2.0.3-build1 via darkkore
	- com_github_llamalad7_mixinextras 0.1.0 via tweakermore
	- com_google_guava_guava 31.1-jre via fabrizoom
	- com_ibm_async_asyncutil 0.1.0 via c2me
	- com_typesafe_config 1.4.2 via fabrizoom
	- com_velocitypowered_velocity-native 3.1.2-SNAPSHOT via krypton
	- conditional-mixin 0.3.1 via tweakermore
	- continuity 2.0.1+1.19
	- customstars 1.1+1.19
	- darkkore 0.3.0-1.19
	- easiervillagertrading 1.19.1-fabric0.58.5-1.5.4
	- fabric-api 0.67.1+1.19.2
	- fabric-api-base 0.4.13+0d0f210290 via fabric-api
	- fabric-api-lookup-api-v1 1.6.12+93d8cb8290 via fabric-api
	- fabric-biome-api-v1 9.0.20+0d0f210290 via fabric-api
	- fabric-block-api-v1 1.0.1+12bfe4ea90 via fabric-api
	- fabric-blockrenderlayer-v1 1.1.22+c6af733c90 via fabric-api
	- fabric-client-tags-api-v1 1.0.3+b35fea8390 via fabric-api
	- fabric-command-api-v1 1.2.13+f71b366f90 via fabric-api
	- fabric-command-api-v2 2.1.9+93d8cb8290 via fabric-api
	- fabric-commands-v0 0.2.30+df3654b390 via fabric-api
	- fabric-containers-v0 0.1.37+df3654b390 via fabric-api
	- fabric-content-registries-v0 3.4.3+6064db2a90 via fabric-api
	- fabric-convention-tags-v1 1.1.3+93d8cb8290 via fabric-api
	- fabric-crash-report-info-v1 0.2.7+aeb40ebe90 via fabric-api
	- fabric-data-generation-api-v1 5.3.1+ad31814d90 via fabric-api
	- fabric-dimensions-v1 2.1.33+0d0f210290 via fabric-api
	- fabric-entity-events-v1 1.5.2+9244241690 via fabric-api
	- fabric-events-interaction-v0 0.4.30+c6af733c90 via fabric-api
	- fabric-events-lifecycle-v0 0.2.31+df3654b390 via fabric-api
	- fabric-game-rule-api-v1 1.0.23+c6af733c90 via fabric-api
	- fabric-item-api-v1 1.6.1+fa140d5990 via fabric-api
	- fabric-item-groups-v0 0.3.35+9244241690 via fabric-api
	- fabric-key-binding-api-v1 1.0.23+aaaf9d3390 via fabric-api
	- fabric-keybindings-v0 0.2.21+df3654b390 via fabric-api
	- fabric-language-kotlin 1.8.6+kotlin.1.7.21
	- fabric-lifecycle-events-v1 2.2.2+9244241690 via fabric-api
	- fabric-loot-api-v2 1.1.9+83a8659290 via fabric-api
	- fabric-loot-tables-v1 1.1.12+9e7660c690 via fabric-api
	- fabric-message-api-v1 5.0.5+93d8cb8290 via fabric-api
	- fabric-mining-level-api-v1 2.1.20+33fbc73890 via fabric-api
	- fabric-models-v0 0.3.19+c6af733c90 via fabric-api
	- fabric-networking-api-v1 1.2.7+9244241690 via fabric-api
	- fabric-networking-v0 0.3.24+df3654b390 via fabric-api
	- fabric-object-builder-api-v1 4.1.2+06e0e25190 via fabric-api
	- fabric-particles-v1 1.0.12+79adfe0a90 via fabric-api
	- fabric-registry-sync-v0 0.9.28+9244241690 via fabric-api
	- fabric-renderer-api-v1 1.0.14+12bfe4ea90 via fabric-api
	- fabric-renderer-indigo 0.6.16+aeb40ebe90 via fabric-api
	- fabric-renderer-registries-v1 3.2.22+df3654b390 via fabric-api
	- fabric-rendering-data-attachment-v1 0.3.17+0d0f210290 via fabric-api
	- fabric-rendering-fluids-v1 3.0.9+c6af733c90 via fabric-api
	- fabric-rendering-v0 1.1.25+df3654b390 via fabric-api
	- fabric-rendering-v1 1.11.1+73145abb90 via fabric-api
	- fabric-resource-conditions-api-v1 2.1.1+aae9039d90 via fabric-api
	- fabric-resource-loader-v0 0.8.1+0d0f210290 via fabric-api
	- fabric-screen-api-v1 1.0.29+0d0f210290 via fabric-api
	- fabric-screen-handler-api-v1 1.3.3+1cc24b1b90 via fabric-api
	- fabric-sound-api-v1 1.0.1+c4f28df590 via fabric-api
	- fabric-textures-v0 1.0.22+aeb40ebe90 via fabric-api
	- fabric-transfer-api-v1 2.1.3+9d081d6490 via fabric-api
	- fabric-transitive-access-wideners-v1 1.3.2+42d99c3290 via fabric-api
	- fabricloader 0.14.10
	- fabrizoom 1.2.1
	- ferritecore 5.0.3
	- gammautils 1.6.10
	- gbfabrictools 1.3.4+1.19 via easiervillagertrading
	- iknowwhatimdoing 4.1.0
	- indium 1.0.9+mc1.19.2
	- inventoryprofilesnext 1.8.5
	- io_github_douira_glsl-transformer 1.0.1 via iris
	- io_leangen_geantyref_geantyref 1.3.12 via fabrizoom
	- iris 1.4.3
	- jade 8.6.2
	- java 17
	- kronhud 1.19.2-2.2.3
	- krypton 0.2.1
	- lazydfu 0.1.3
	- libipn 1.0.6
	- litematica 0.12.5
	- lithium 0.10.2
	- malilib 0.13.0
	- minecraft 1.19.2
	- minihud 0.23.3
	- modmenu 4.1.1
	- net_objecthunter_exp4j 0.4.8 via c2me
	- org_anarres_jcpp 1.4.14 via iris
	- org_antlr_antlr4-runtime 4.10.1 via iris
	- org_jetbrains_kotlin_kotlin-reflect 1.7.21 via fabric-language-kotlin
	- org_jetbrains_kotlin_kotlin-stdlib 1.7.21 via fabric-language-kotlin
	- org_jetbrains_kotlin_kotlin-stdlib-jdk7 1.7.21 via fabric-language-kotlin
	- org_jetbrains_kotlin_kotlin-stdlib-jdk8 1.7.21 via fabric-language-kotlin
	- org_jetbrains_kotlinx_atomicfu-jvm 0.18.5 via fabric-language-kotlin
	- org_jetbrains_kotlinx_kotlinx-coroutines-core-jvm 1.6.4 via fabric-language-kotlin
	- org_jetbrains_kotlinx_kotlinx-coroutines-jdk8 1.6.4 via fabric-language-kotlin
	- org_jetbrains_kotlinx_kotlinx-datetime-jvm 0.4.0 via fabric-language-kotlin
	- org_jetbrains_kotlinx_kotlinx-serialization-cbor-jvm 1.4.1 via fabric-language-kotlin
	- org_jetbrains_kotlinx_kotlinx-serialization-core-jvm 1.4.1 via fabric-language-kotlin
	- org_jetbrains_kotlinx_kotlinx-serialization-json-jvm 1.4.1 via fabric-language-kotlin
	- org_joml_joml 1.10.4 via sodium
	- org_spongepowered_configurate-core 4.1.2 via fabrizoom
	- org_spongepowered_configurate-extra-kotlin 4.1.2 via fabrizoom
	- org_spongepowered_configurate-hocon 4.1.2 via fabrizoom
	- org_threadly_threadly 7.0 via c2me
	- reeses-sodium-options 1.4.7+mc1.19.2-build.59
	- shulkerboxtooltip 3.2.2+1.19.2
	- skinlayers 1.5.2-mc1.19.1
	- smoothboot 1.19-1.7.1
	- sodium 0.4.4+build.18
	- sodium-extra 0.4.13+mc1.19.2-build.76
	- starlight 1.1.1+fabric.ae22326
	- tweakermore 3.8.1
	- tweakeroo 0.14.3
	- xaerominimap 22.16.2
	- xaeroworldmap 1.28.3
	- yet-another-config-lib 1.5.0 via fabrizoom
[16:44:04] [main/INFO]: SpongePowered MIXIN Subsystem Version=0.8.5 Source=file:/C:/Users/QRZ20/Desktop/Minecraft/.minecraft/libraries/net/fabricmc/sponge-mixin/0.11.4+mixin.0.8.5/sponge-mixin-0.11.4+mixin.0.8.5.jar Service=Knot/Fabric Env=CLIENT
[16:44:05] [main/INFO]: Compatibility level set to JAVA_16
[16:44:05] [main/INFO]: Compatibility level set to JAVA_17
[16:44:05] [main/INFO]: Initializing com.ishland.c2me.base.mixin
[16:44:05] [main/INFO]: Initializing com.ishland.c2me.client.uncapvd.mixin
[16:44:05] [main/INFO]: Initializing com.ishland.c2me.fixes.chunkio.threading_issues.mixin
[16:44:05] [main/INFO]: Initializing com.ishland.c2me.fixes.general.threading_issues.mixin
[16:44:05] [main/INFO]: Initializing com.ishland.c2me.fixes.worldgen.threading_issues.mixin
[16:44:05] [main/INFO]: Initializing com.ishland.c2me.fixes.worldgen.vanilla_bugs.mixin
[16:44:05] [main/INFO]: Initializing com.ishland.c2me.notickvd.mixin
[16:44:05] [main/INFO]: Initializing com.ishland.c2me.opts.allocs.mixin
[16:44:05] [main/INFO]: Initializing com.ishland.c2me.opts.chunk_access.mixin
[16:44:05] [main/INFO]: Initializing com.ishland.c2me.opts.chunkio.mixin
[16:44:05] [main/INFO]: Initializing com.ishland.c2me.opts.math.mixin
[16:44:05] [main/INFO]: Initializing com.ishland.c2me.opts.scheduling.mixin
[16:44:05] [main/INFO]: Initializing com.ishland.c2me.opts.worldgen.general.mixin
[16:44:05] [main/INFO]: Initializing com.ishland.c2me.opts.worldgen.vanilla.mixin
[16:44:05] [main/INFO]: Initializing com.ishland.c2me.rewrites.chunkio.mixin
[16:44:05] [main/INFO]: Disabling com.ishland.c2me.rewrites.chunkio.mixin
[16:44:05] [main/INFO]: Initializing com.ishland.c2me.server.utils.mixin
[16:44:05] [main/INFO]: Initializing com.ishland.c2me.threading.chunkio.mixin
[16:44:05] [main/INFO]: Initializing com.ishland.c2me.threading.lighting.mixin
[16:44:05] [main/INFO]: Initializing com.ishland.c2me.threading.scheduling.mixin
[16:44:05] [main/INFO]: Initializing com.ishland.c2me.threading.worldgen.mixin
[16:44:05] [main/INFO]: Disabling com.ishland.c2me.threading.worldgen.mixin
[16:44:05] [main/INFO]: Loaded configuration file for Lithium: 105 options available, 2 override(s) found
[16:44:05] [main/INFO]: Loaded configuration file for Sodium: 29 options available, 1 override(s) found
[16:44:05] [main/INFO]: Loaded configuration file for Sodium Extra: 28 options available, 0 override(s) found
[16:44:05] [main/WARN]: Error loading class: net/caffeinemc/sodium/config/user/UserConfigCategories (java.lang.ClassNotFoundException: net/caffeinemc/sodium/config/user/UserConfigCategories)
[16:44:06] [main/WARN]: Force-disabling mixin 'alloc.blockstate.StateMixin' as rule 'mixin.alloc.blockstate' (added by mods [ferritecore]) disables it and children
[16:44:06] [main/WARN]: Force-disabling mixin 'world.player_chunk_tick.ThreadedAnvilChunkStorageMixin' as rule 'mixin.world.player_chunk_tick' (added by mods [c2me, krypton]) disables it and children
[16:44:06] [main/WARN]: Force-disabling mixin 'features.sky.MixinWorldRenderer' as rule 'mixin.features.sky' (added by mods [iris]) disables it and children
[16:44:06] [main/WARN]: Error loading class: net/caffeinemc/sodium/config/user/UserConfigCategories (java.lang.ClassNotFoundException: net/caffeinemc/sodium/config/user/UserConfigCategories)
[16:44:06] [main/WARN]: Error loading class: net/caffeinemc/sodium/config/user/UserConfigCategories (java.lang.ClassNotFoundException: net/caffeinemc/sodium/config/user/UserConfigCategories)
[16:44:07] [main/INFO]: Smooth Boot config initialized
[16:44:07] [main/WARN]: Configuration conflict: there is more than one oshi.properties file on the classpath
[16:44:08] [main/WARN]: Configuration conflict: there is more than one oshi.architecture.properties file on the classpath
[16:44:08] [main/WARN]: @Final field field_22786:Ljava/util/List; in mixins.ipnext.json:MixinScreen from mod inventoryprofilesnext should be final
[16:44:08] [main/WARN]: @Final field field_33815:Ljava/util/List; in mixins.ipnext.json:MixinScreen from mod inventoryprofilesnext should be final
[16:44:10] [main/WARN]: @ModifyConstant conflict. Skipping mixins.tweakeroo.json:MixinStructureBlockBlockEntity from mod tweakeroo->@ModifyConstant::overrideMaxSize(I)I with priority 999, already redirected by carpet.mixins.json:StructureBlockEntity_limitsMixin from mod carpet->@ModifyConstant::negativeLimit(I)I with priority 1000
[16:44:10] [main/WARN]: @ModifyConstant conflict. Skipping mixins.tweakeroo.json:MixinStructureBlockBlockEntity from mod tweakeroo->@ModifyConstant::overrideMaxSize(I)I with priority 999, already redirected by carpet.mixins.json:StructureBlockEntity_limitsMixin from mod carpet->@ModifyConstant::positiveLimit(I)I with priority 1000
[16:44:10] [main/WARN]: @ModifyConstant conflict. Skipping mixins.tweakeroo.json:MixinStructureBlockBlockEntity from mod tweakeroo->@ModifyConstant::overrideMaxSize(I)I with priority 999, already redirected by carpet.mixins.json:StructureBlockEntity_limitsMixin from mod carpet->@ModifyConstant::negativeLimit(I)I with priority 1000
[16:44:10] [main/WARN]: @ModifyConstant conflict. Skipping mixins.tweakeroo.json:MixinStructureBlockBlockEntity from mod tweakeroo->@ModifyConstant::overrideMaxSize(I)I with priority 999, already redirected by carpet.mixins.json:StructureBlockEntity_limitsMixin from mod carpet->@ModifyConstant::positiveLimit(I)I with priority 1000
[16:44:10] [main/WARN]: @ModifyConstant conflict. Skipping mixins.tweakeroo.json:MixinStructureBlockBlockEntity from mod tweakeroo->@ModifyConstant::overrideMaxSize(I)I with priority 999, already redirected by carpet.mixins.json:StructureBlockEntity_limitsMixin from mod carpet->@ModifyConstant::negativeLimit(I)I with priority 1000
[16:44:10] [main/WARN]: @ModifyConstant conflict. Skipping mixins.tweakeroo.json:MixinStructureBlockBlockEntity from mod tweakeroo->@ModifyConstant::overrideMaxSize(I)I with priority 999, already redirected by carpet.mixins.json:StructureBlockEntity_limitsMixin from mod carpet->@ModifyConstant::positiveLimit(I)I with priority 1000
[16:44:10] [main/WARN]: @ModifyConstant conflict. Skipping mixins.tweakeroo.json:MixinStructureBlockBlockEntity from mod tweakeroo->@ModifyConstant::overrideMaxSize(I)I with priority 999, already redirected by carpet.mixins.json:StructureBlockEntity_limitsMixin from mod carpet->@ModifyConstant::positiveLimit(I)I with priority 1000
[16:44:10] [main/WARN]: @ModifyConstant conflict. Skipping mixins.tweakeroo.json:MixinStructureBlockBlockEntity from mod tweakeroo->@ModifyConstant::overrideMaxSize(I)I with priority 999, already redirected by carpet.mixins.json:StructureBlockEntity_limitsMixin from mod carpet->@ModifyConstant::positiveLimit(I)I with priority 1000
[16:44:10] [main/WARN]: @ModifyConstant conflict. Skipping mixins.tweakeroo.json:MixinStructureBlockBlockEntity from mod tweakeroo->@ModifyConstant::overrideMaxSize(I)I with priority 999, already redirected by carpet.mixins.json:StructureBlockEntity_limitsMixin from mod carpet->@ModifyConstant::positiveLimit(I)I with priority 1000
[16:44:11] [main/INFO]: Building unoptimized datafixer
[16:44:13] [Render thread/WARN]: Method overwrite conflict for method_22920 in sodium.mixins.json:features.buffer_builder.intrinsics.MixinBufferBuilder from mod sodium, previously written by net.coderbot.iris.mixin.vertices.block_rendering.MixinBufferBuilder_SeparateAo. Skipping method.
[16:44:13] [Render thread/INFO]: Environment: authHost='https://authserver.mojang.com', accountsHost='https://api.mojang.com', sessionHost='https://sessionserver.mojang.com', servicesHost='https://api.minecraftservices.com', name='PROD'
[16:44:14] [Render thread/INFO]: Setting user: water_clouds
[16:44:14] [Render thread/INFO]: [Custom Stars] Initializing Custom Stars...
[16:44:15] [Render thread/WARN]: @Redirect conflict. Skipping carpet-extra.mixins.json:ServerPlayNetworkHandlerMixin from mod carpet-extra->@Redirect::carpetextra_removeHitPosCheck(Lnet/minecraft/class_243;Lnet/minecraft/class_243;)Lnet/minecraft/class_243; with priority 1000, already redirected by mixins.litematica.json:MixinServerPlayNetworkHandler from mod litematica->@Redirect::litematica_removeHitPosCheck(Lnet/minecraft/class_243;Lnet/minecraft/class_243;)Lnet/minecraft/class_243; with priority 1010
[16:44:15] [Render thread/WARN]: @Redirect conflict. Skipping mixins.tweakeroo.json:MixinServerPlayNetworkHandler from mod tweakeroo->@Redirect::tweakeroo_removeHitPosCheck(Lnet/minecraft/class_243;Lnet/minecraft/class_243;)Lnet/minecraft/class_243; with priority 1005, already redirected by mixins.litematica.json:MixinServerPlayNetworkHandler from mod litematica->@Redirect::litematica_removeHitPosCheck(Lnet/minecraft/class_243;Lnet/minecraft/class_243;)Lnet/minecraft/class_243; with priority 1010
[16:44:15] [Render thread/INFO]: Compression will use Java, encryption will use Java
[16:44:15] [Render thread/INFO]: [ShulkerBoxTooltip] Could not find configuration file, creating default file
[16:44:15] [Render thread/INFO]: [Indigo] Different rendering plugin detected; not applying Indigo.
[16:44:16] [Render thread/WARN]: Invalid configuration file! Using defaults.
[16:44:16] [Render thread/WARN]: Static binding violation: PRIVATE @Overwrite method method_23182 in sodium.mixins.json:features.item.MixinItemRenderer from mod sodium cannot reduce visibiliy of PUBLIC target method, visibility will be upgraded.
[16:44:16] [Render thread/INFO]: Krypton is now accelerating your Minecraft client's networking stack ?
[16:44:16] [Render thread/INFO]: Note that Krypton is most effective on servers, not the client.
[16:44:16] [Render thread/INFO]: Loading Xaero's Minimap - Stage 1/2
[16:44:18] [Render thread/INFO]: Loading Xaero's World Map - Stage 1/2
[16:44:19] [ForkJoinPool.commonPool-worker-5/WARN]: [Iris Update Check] Cached update file detected, using that!
[16:44:19] [Render thread/INFO]: Backend library: LWJGL version 3.3.1 SNAPSHOT
[16:44:19] [Render thread/INFO]: ARB_direct_state_access detected, enabling DSA.
[16:44:19] [Render thread/INFO]: Debug functionality is disabled.
[16:44:19] [Render thread/INFO]: Shaders are disabled because no valid shaderpack is selected
[16:44:19] [Render thread/INFO]: Shaders are disabled
[16:44:20] [Render thread/INFO]: Hardware information:
[16:44:20] [Render thread/INFO]: CPU: 20x 12th Gen Intel(R) Core(TM) i7-12700H
[16:44:20] [Render thread/INFO]: GPU: Intel(R) Iris(R) Xe Graphics (Supports OpenGL 3.2.0 - Build 31.0.101.3616)
[16:44:20] [Render thread/INFO]: OS: Windows 11 (10.0)
[16:44:20] [Render thread/INFO]: Narrator library for x64 successfully loaded
[16:44:20] [Render thread/INFO]: Reloading ResourceManager: Default, Fabric Mods (AppleSkin, Auth Me, Concurrent Chunk Management Engine, CaffeineConfig, Carpet Mod, Carpet Extra, Chat Heads, Cloth Config v8, conditional mixin, Continuity, Custom Stars, DarkKore, EasierVillagerTrading, Fabric API, Fabric API Base, Fabric API Lookup API (v1), Fabric Biome API (v1), Fabric BlockRenderLayer Registration (v1), Fabric Client Tags, Fabric Command API (v1), Fabric Command API (v2), Fabric Commands (v0), Fabric Containers (v0), Fabric Content Registries (v0), Fabric Convention Tags, Fabric Crash Report Info (v1), Fabric Data Generation API (v1), Fabric Dimensions API (v1), Fabric Entity Events (v1), Fabric Events Interaction (v0), Fabric Events Lifecycle (v0), Fabric Game Rule API (v1), Fabric Item API (v1), Fabric Item Groups (v0), Fabric Key Binding API (v1), Fabric Key Bindings (v0), Fabric Language Kotlin, Fabric Lifecycle Events (v1), Fabric Loot API (v2), Fabric Loot Tables (v1), Fabric Message API (v1), Fabric Mining Level API (v1), Fabric Models (v0), Fabric Networking API (v1), Fabric Networking (v0), Fabric Object Builder API (v1), Fabric Particles (v1), Fabric Registry Sync (v0), Fabric Renderer API (v1), Fabric Renderer - Indigo, Fabric Renderer Registries (v1), Fabric Rendering Data Attachment (v1), Fabric Rendering Fluids (v1), Fabric Rendering (v0), Fabric Rendering (v1), Fabric Resource Conditions API (v1), Fabric Resource Loader (v0), Fabric Screen API (v1), Fabric Screen Handler API (v1), Fabric Sound API (v1), Fabric Textures (v0), Fabric Transfer API (v1), Fabric Transitive Access Wideners (v1), Fabric Loader, FabriZoom, Gamma Utils, GBfabrictools, Indium, Inventory Profiles Next, Iris, Jade, KronHUD, Krypton, LazyDFU, libIPN, Litematica, Lithium, MaLiLib, MiniHUD, Mod Menu, Reese's Sodium Options, Shulker Box Tooltip, 3d Skin Layers, Smooth Boot, Sodium, Sodium Extra, Starlight, TweakerMore, Tweakeroo, Xaero's Minimap, Xaero's World Map, YetAnotherConfigLib)
[16:44:21] [Render thread/INFO]: Creating pipeline for dimension OVERWORLD
[16:44:21] [Render thread/INFO]: Start loading plugin from Jade
[16:44:21] [Render thread/INFO]: Start loading plugin from Jade
[16:44:22] [Render thread/INFO]: Start loading plugin from Jade
[16:44:22] [Render thread/INFO]: Loading Xaero's Minimap - Stage 2/2
[16:44:23] [Render thread/INFO]: Xaero's Minimap: World Map found!
[16:44:23] [Render thread/INFO]: No Optifine!
[16:44:23] [Render thread/INFO]: Xaero's Minimap: No Vivecraft!
[16:44:23] [Render thread/INFO]: Loading Xaero's World Map - Stage 2/2
[16:44:23] [Render thread/INFO]: New world map region cache hash code: -37652347
[16:44:23] [Render thread/INFO]: Xaero's WorldMap Mod: Xaero's minimap found!
[16:44:23] [Render thread/INFO]: No Optifine!
[16:44:23] [Render thread/INFO]: Xaero's World Map: No Vivecraft!
[16:44:24] [Render thread/WARN]: Missing sound for event: minecraft:item.goat_horn.play
[16:44:24] [Render thread/WARN]: Missing sound for event: minecraft:entity.goat.screaming.horn_break
[16:44:24] [Render thread/INFO]: OpenAL initialized on device OpenAL Soft on ÑïÉùÆ÷ (Realtek(R) Audio)
[16:44:24] [Render thread/INFO]: Sound engine started
[16:44:24] [Render thread/INFO]: Created: 1024x512x4 minecraft:textures/atlas/blocks.png-atlas
[16:44:24] [Render thread/INFO]: Created: 256x128x4 minecraft:textures/atlas/signs.png-atlas
[16:44:24] [Render thread/INFO]: Created: 512x512x4 minecraft:textures/atlas/banner_patterns.png-atlas
[16:44:24] [Render thread/INFO]: Created: 512x512x4 minecraft:textures/atlas/shield_patterns.png-atlas
[16:44:24] [Render thread/INFO]: Created: 256x256x4 minecraft:textures/atlas/chest.png-atlas
[16:44:24] [Render thread/INFO]: Created: 512x256x4 minecraft:textures/atlas/beds.png-atlas
[16:44:24] [Render thread/INFO]: Created: 512x256x4 minecraft:textures/atlas/shulker_boxes.png-atlas
[16:44:26] [Render thread/WARN]: Shader rendertype_entity_translucent_emissive could not find sampler named Sampler2 in the specified shader program.
[16:44:26] [Render thread/INFO]: Created: 256x256x0 minecraft:textures/atlas/particles.png-atlas
[16:44:26] [Render thread/INFO]: Created: 256x256x0 minecraft:textures/atlas/paintings.png-atlas
[16:44:26] [Render thread/INFO]: Created: 512x256x0 minecraft:textures/atlas/mob_effects.png-atlas
[16:44:26] [Render thread/INFO]: Successfully reloaded the minimap shaders!
[16:44:26] [Render thread/INFO]: Successfully reloaded the world map shaders!
[16:44:53] [Render thread/WARN]: Error loading class: net/caffeinemc/sodium/config/user/UserConfigCategories (java.lang.ClassNotFoundException: net/caffeinemc/sodium/config/user/UserConfigCategories)
[16:45:22] [Render thread/WARN]: @ModifyConstant conflict. Skipping mixins.tweakeroo.json:MixinCloneCommand from mod tweakeroo->@ModifyConstant::getBlockCountLimit(I)I with priority 999, already redirected by carpet.mixins.json:CloneCommands_fillUpdatesMixin from mod carpet->@ModifyConstant::fillLimit(I)I with priority 1000
[16:45:22] [Render thread/WARN]: @ModifyConstant conflict. Skipping mixins.tweakeroo.json:MixinCloneCommand from mod tweakeroo->@ModifyConstant::getBlockCountLimit(I)I with priority 999, already redirected by carpet.mixins.json:CloneCommands_fillUpdatesMixin from mod carpet->@ModifyConstant::fillLimit(I)I with priority 1000
[16:45:22] [Render thread/WARN]: @ModifyConstant conflict. Skipping mixins.tweakeroo.json:MixinFillCommand from mod tweakeroo->@ModifyConstant::getBlockCountLimit(I)I with priority 999, already redirected by carpet.mixins.json:FillCommandMixin from mod carpet->@ModifyConstant::fillLimit(I)I with priority 1000
[16:45:22] [Render thread/WARN]: @ModifyConstant conflict. Skipping mixins.tweakeroo.json:MixinFillCommand from mod tweakeroo->@ModifyConstant::getBlockCountLimit(I)I with priority 999, already redirected by carpet.mixins.json:FillCommandMixin from mod carpet->@ModifyConstant::fillLimit(I)I with priority 1000
[16:45:23] [Render thread/INFO]: Loaded 7 recipes
[16:45:23] [Render thread/INFO]: Loaded 1179 advancements
[16:45:27] [Render thread/INFO]: Adding auth button to the multiplayer screen
[16:45:27] [ForkJoinPool.commonPool-worker-18/INFO]: Verifying Minecraft session...
[16:45:28] [ForkJoinPool.commonPool-worker-18/INFO]: The Minecraft session is valid
[16:45:34] [Render thread/INFO]: Adding auth button to the multiplayer screen
[16:45:37] [Render thread/INFO]: Stopping!
